<?xml version="1.0" encoding="UTF-8"?>
<!-- Generated by org.testng.reporters.JUnitReportReporter -->
<testsuite hostname="DESKTOP-KSSBRFH" failures="0" tests="5" name="testCases.Checkout_Complete_Page_Test" time="30.424" errors="0" timestamp="2024-10-23T20:52:41 IST" skipped="0">
  <testcase classname="testCases.Checkout_Complete_Page_Test" name="verifyLastPageTitle" time="5.691"/>
  <system-out/>
  <testcase classname="testCases.Checkout_Complete_Page_Test" name="verifyBackHomeBtn1" time="5.766"/>
  <system-out/>
  <testcase classname="testCases.Checkout_Complete_Page_Test" name="verifyPony" time="5.991"/>
  <system-out/>
  <testcase classname="testCases.Checkout_Complete_Page_Test" name="verifyLastPageURL" time="7.209"/>
  <system-out/>
  <testcase classname="testCases.Checkout_Complete_Page_Test" name="verifyLastPageLabel" time="5.767"/>
  <system-out/>
</testsuite> <!-- testCases.Checkout_Complete_Page_Test -->
