<?xml version="1.0" encoding="UTF-8"?>
<!-- Generated by org.testng.reporters.JUnitReportReporter -->
<testsuite hostname="DESKTOP-KSSBRFH" failures="0" tests="2" name="testCases.CheckOut_Page_One_Test" time="15.629" errors="0" timestamp="2024-10-20T17:42:06 IST" skipped="0">
  <testcase classname="testCases.CheckOut_Page_One_Test" name="verifyCheckLabelTest" time="7.379"/>
  <system-out/>
  <testcase classname="testCases.CheckOut_Page_One_Test" name="InputInformation" time="8.250"/>
  <system-out/>
</testsuite> <!-- testCases.CheckOut_Page_One_Test -->
