<?xml version="1.0" encoding="UTF-8"?>
<!-- Generated by org.testng.reporters.JUnitReportReporter -->
<testsuite hostname="DESKTOP-KSSBRFH" failures="0" tests="1" name="testCases.LoginTest" time="6.281" errors="0" timestamp="2024-10-20T17:42:06 IST" skipped="0">
  <testcase classname="testCases.LoginTest" name="verifyURLOfApplicationTest" time="6.281"/>
  <system-out>
    <![CDATA[The URL of Swag Labs page = https://www.saucedemo.com/]]>
  </system-out>
</testsuite> <!-- testCases.LoginTest -->
