<?xml version="1.0" encoding="UTF-8"?>
<!-- Generated by org.testng.reporters.JUnitReportReporter -->
<testsuite hostname="DESKTOP-KSSBRFH" failures="0" tests="1" name="testCases.Cart_Page_Test" time="12.743" errors="0" timestamp="2024-10-20T17:42:06 IST" skipped="0">
  <testcase classname="testCases.Cart_Page_Test" name="verifyCheckOutBtnTest" time="12.743"/>
  <system-out/>
</testsuite> <!-- testCases.Cart_Page_Test -->
