<?xml version="1.0" encoding="UTF-8"?>
<!-- Generated by org.testng.reporters.JUnitReportReporter -->
<testsuite hostname="DESKTOP-KSSBRFH" failures="0" tests="4" name="testCases.InventoryPageTest" time="27.987" errors="0" timestamp="2024-10-20T17:42:06 IST" skipped="0">
  <testcase classname="testCases.InventoryPageTest" name="verifyTitleOfInventoryPageTest" time="6.848"/>
  <system-out/>
  <testcase classname="testCases.InventoryPageTest" name="remove2Products" time="7.290"/>
  <system-out/>
  <testcase classname="testCases.InventoryPageTest" name="add6ProductsTest" time="7.266"/>
  <system-out/>
  <testcase classname="testCases.InventoryPageTest" name="verifyTwitterLogoTest" time="6.583"/>
  <system-out/>
</testsuite> <!-- testCases.InventoryPageTest -->
