<?xml version="1.0" encoding="UTF-8"?>
<!-- Generated by org.testng.reporters.JUnitReportReporter -->
<testsuite hostname="DESKTOP-KSSBRFH" failures="0" tests="6" name="testCases.CheckOut_Page_Two_Test" time="37.012" errors="0" timestamp="2024-10-23T19:25:36 IST" skipped="0">
  <testcase classname="testCases.CheckOut_Page_Two_Test" name="finishBtn" time="7.683"/>
  <system-out/>
  <testcase classname="testCases.CheckOut_Page_Two_Test" name="cancelBtnTest" time="5.995"/>
  <system-out/>
  <testcase classname="testCases.CheckOut_Page_Two_Test" name="verifyQTYTest" time="5.814"/>
  <system-out/>
  <testcase classname="testCases.CheckOut_Page_Two_Test" name="verifyLabelTest" time="5.701"/>
  <system-out/>
  <testcase classname="testCases.CheckOut_Page_Two_Test" name="verifyTitleTest" time="6.056"/>
  <system-out/>
  <testcase classname="testCases.CheckOut_Page_Two_Test" name="verifyURLTest" time="5.763"/>
  <system-out/>
</testsuite> <!-- testCases.CheckOut_Page_Two_Test -->
